{
  "RSpec": {
    "coverage": {
      "/Users/amilhoranza/projetos/ruby_tests/syft/spec/base_rule_spec.rb": [
        1,
        1,
        null,
        1,
        1,
        1,
        null,
        1,
        null,
        null,
        null,
        null,
        null,
        1,
        1,
        null,
        null,
        null
      ],
      "/Users/amilhoranza/projetos/ruby_tests/syft/lib/base_rule.rb": [
        null,
        1,
        1,
        12,
        null,
        null
      ],
      "/Users/amilhoranza/projetos/ruby_tests/syft/lib/item.rb": [
        null,
        1,
        1,
        1,
        null,
        1,
        51,
        51,
        51,
        null,
        null
      ],
      "/Users/amilhoranza/projetos/ruby_tests/syft/spec/bulk_rule_spec.rb": [
        1,
        1,
        null,
        1,
        1,
        2,
        null,
        null,
        null,
        null,
        1,
        1,
        null,
        1,
        null,
        null,
        null,
        null,
        null,
        1,
        1,
        null,
        null,
        null,
        null,
        null,
        1,
        1,
        null,
        1,
        null,
        null,
        null,
        null,
        null,
        1,
        1,
        null,
        null,
        null
      ],
      "/Users/amilhoranza/projetos/ruby_tests/syft/lib/bulk_rule.rb": [
        1,
        null,
        1,
        1,
        4,
        4,
        4,
        null,
        null,
        1,
        4,
        13,
        null,
        null,
        4,
        null,
        2,
        7,
        null,
        null,
        null,
        1,
        null,
        1,
        null
      ],
      "/Users/amilhoranza/projetos/ruby_tests/syft/spec/checkout_spec.rb": [
        1,
        1,
        1,
        1,
        null,
        1,
        1,
        1,
        null,
        null,
        null,
        null,
        null,
        null,
        null,
        1,
        1,
        1,
        null,
        1,
        1,
        null,
        null,
        null,
        1,
        1,
        null,
        null,
        null,
        null,
        null,
        null,
        null,
        1,
        1,
        1,
        1,
        null,
        1,
        1,
        null,
        null,
        null
      ],
      "/Users/amilhoranza/projetos/ruby_tests/syft/lib/percentage_rule.rb": [
        1,
        null,
        1,
        1,
        4,
        4,
        null,
        null,
        1,
        4,
        null,
        4,
        null,
        3,
        10,
        null,
        null,
        null,
        1,
        null,
        1,
        null
      ],
      "/Users/amilhoranza/projetos/ruby_tests/syft/lib/checkout.rb": [
        1,
        1,
        1,
        null,
        1,
        1,
        2,
        2,
        null,
        null,
        1,
        7,
        null,
        null,
        1,
        2,
        4,
        null,
        2,
        null,
        null,
        1,
        null,
        1,
        null,
        1,
        2,
        null,
        null
      ],
      "/Users/amilhoranza/projetos/ruby_tests/syft/spec/item_spec.rb": [
        1,
        null,
        1,
        1,
        5,
        null,
        1,
        1,
        null,
        null,
        1,
        1,
        null,
        null,
        1,
        1,
        null,
        null,
        1,
        1,
        1,
        null,
        null,
        null
      ],
      "/Users/amilhoranza/projetos/ruby_tests/syft/spec/one_free_rule_spec.rb": [
        1,
        1,
        null,
        1,
        1,
        5,
        null,
        null,
        null,
        null,
        1,
        1,
        null,
        1,
        null,
        null,
        null,
        null,
        1,
        1,
        null,
        null,
        null,
        1,
        1,
        null,
        1,
        null,
        null,
        null,
        null,
        null,
        1,
        1,
        null,
        null,
        null,
        1,
        1,
        null,
        1,
        null,
        null,
        null,
        null,
        null,
        null,
        null,
        null,
        1,
        1,
        null,
        null,
        null,
        1,
        1,
        null,
        1,
        null,
        null,
        null,
        null,
        null,
        null,
        null,
        null,
        1,
        1,
        null,
        null,
        null,
        1,
        1,
        null,
        1,
        null,
        null,
        null,
        null,
        null,
        null,
        null,
        null,
        null,
        null,
        1,
        1,
        null,
        null,
        null
      ],
      "/Users/amilhoranza/projetos/ruby_tests/syft/lib/one_free_rule.rb": [
        1,
        null,
        1,
        1,
        5,
        5,
        5,
        null,
        null,
        1,
        5,
        null,
        5,
        null,
        4,
        4,
        null,
        null,
        1,
        null,
        1,
        57,
        null,
        null,
        1,
        4,
        null,
        null,
        1,
        null
      ],
      "/Users/amilhoranza/projetos/ruby_tests/syft/spec/percentage_rule_spec.rb": [
        1,
        1,
        null,
        1,
        1,
        null,
        2,
        null,
        null,
        null,
        null,
        null,
        1,
        1,
        1,
        null,
        null,
        1,
        1,
        null,
        null,
        null,
        null,
        null,
        1,
        1,
        1,
        null,
        null,
        1,
        1,
        null,
        null,
        null
      ]
    },
    "timestamp": 1554925653
  }
}
